ERROR: failed processing for /home/tcpan/PhD/path/Data/adios/tcga.titan.p10240.1/tcga-baseline.p10240.f200000.opencv.b0.io-1.is-1.data4096.b, reason: X must be same length as Y.
ERROR: failed processing for /home/tcpan/PhD/path/Data/adios/tcga.titan.p10240.1/tcga-coloc.p10240.f200000.POSIX.b4.io-1.is1.data4096.b, reason: X must be same length as Y.
ERROR: failed processing for /home/tcpan/PhD/path/Data/adios/tcga.titan.p10240.1/tcga-sep.r300.p10240.f200000.POSIX.b4.io300.is1.data4096.nb, reason: Undefined function or variable 'fignameprefix'.
ERROR: failed processing for /home/tcpan/PhD/path/Data/adios/tcga.titan.p10240.1/tcga-sep.r600.p10240.f200000.POSIX.b4.io300.is1.data4096.nb, reason: Undefined function or variable 'fignameprefix'.
ERROR: failed processing for /home/tcpan/PhD/path/Data/adios/tcga.titan.p2048.ioall.3/tcga-baseline.p2048.f10240.opencv.b0.io-1.is-1.data4096.b, reason: X must be same length as Y.
ERROR: failed processing for /home/tcpan/PhD/path/Data/adios/tcga.titan.p2048.ioall.3/tcga-coloc.p2048.f10240.MPI_AMR.b4.io-1.is-1.data4096.b, reason: X must be same length as Y.
ERROR: failed processing for /home/tcpan/PhD/path/Data/adios/tcga.titan.p2048.ioall.3/tcga-coloc.p2048.f10240.MPI_LUSTRE.b4.io-1.is-1.data4096.b, reason: X must be same length as Y.
ERROR: failed processing for /home/tcpan/PhD/path/Data/adios/tcga.titan.p2048.ioall.3/tcga-coloc.p2048.f10240.POSIX.b4.io-1.is-1.data4096.b, reason: X must be same length as Y.
ERROR: failed processing for /home/tcpan/PhD/path/Data/adios/tcga.titan.p2048.ioall.3/tcga-sep.p2048.f10240.MPI_AMR.b4.io1536.is-1.data4096.nb, reason: Undefined function or variable 'fignameprefix'.
ERROR: failed processing for /home/tcpan/PhD/path/Data/adios/tcga.titan.p2048.ioall.3/tcga-sep.p2048.f10240.MPI_AMR.b4.io512.is-1.data4096.nb, reason: Undefined function or variable 'fignameprefix'.
ERROR: failed processing for /home/tcpan/PhD/path/Data/adios/tcga.titan.p2048.ioall.3/tcga-sep.p2048.f10240.MPI_AMR.b4.io60.is-1.data4096.nb, reason: Undefined function or variable 'fignameprefix'.
ERROR: failed processing for /home/tcpan/PhD/path/Data/adios/tcga.titan.p2048.ioall.3/tcga-sep.p2048.f10240.MPI_LUSTRE.b4.io1536.is-1.data4096.nb, reason: Undefined function or variable 'fignameprefix'.
ERROR: failed processing for /home/tcpan/PhD/path/Data/adios/tcga.titan.p2048.ioall.3/tcga-sep.p2048.f10240.MPI_LUSTRE.b4.io512.is-1.data4096.nb, reason: Undefined function or variable 'fignameprefix'.
ERROR: failed processing for /home/tcpan/PhD/path/Data/adios/tcga.titan.p2048.ioall.3/tcga-sep.p2048.f10240.MPI_LUSTRE.b4.io60.is-1.data4096.nb, reason: Undefined function or variable 'fignameprefix'.
ERROR: failed processing for /home/tcpan/PhD/path/Data/adios/tcga.titan.p2048.ioall.3/tcga-sep.p2048.f10240.POSIX.b4.io1536.is-1.data4096.nb, reason: Undefined function or variable 'fignameprefix'.
ERROR: failed processing for /home/tcpan/PhD/path/Data/adios/tcga.titan.p2048.ioall.3/tcga-sep.p2048.f10240.POSIX.b4.io512.is-1.data4096.nb, reason: Undefined function or variable 'fignameprefix'.
ERROR: failed processing for /home/tcpan/PhD/path/Data/adios/tcga.titan.p2048.ioall.3/tcga-sep.p2048.f10240.POSIX.b4.io60.is-1.data4096.nb, reason: Undefined function or variable 'fignameprefix'.
ERROR: failed processing for /home/tcpan/PhD/path/Data/adios/tcga.titan.p2048.ioall.3/tcga-sep.p2048.f10240.na-POSIX.b4.io1536.is-1.data4096.nb, reason: Undefined function or variable 'fignameprefix'.
ERROR: failed processing for /home/tcpan/PhD/path/Data/adios/tcga.titan.p2048.ioall.3/tcga-sep.p2048.f10240.na-POSIX.b4.io512.is-1.data4096.nb, reason: Undefined function or variable 'fignameprefix'.
ERROR: failed processing for /home/tcpan/PhD/path/Data/adios/tcga.titan.p2048.ioall.3/tcga-sep.p2048.f10240.na-POSIX.b4.io60.is-1.data4096.nb, reason: Undefined function or variable 'fignameprefix'.
ERROR: failed processing for /home/tcpan/PhD/path/Data/adios/tcga.titan.p2048.ioall.2/tcga-baseline.p2048.f10240.opencv.b0.io-1.is-1.data4096.b, reason: X must be same length as Y.
ERROR: failed processing for /home/tcpan/PhD/path/Data/adios/tcga.titan.p2048.ioall.2/tcga-coloc.p2048.f10240.MPI_AMR.b4.io-1.is-1.data4096.b, reason: X must be same length as Y.
ERROR: failed processing for /home/tcpan/PhD/path/Data/adios/tcga.titan.p2048.ioall.2/tcga-coloc.p2048.f10240.MPI_LUSTRE.b4.io-1.is-1.data4096.b, reason: X must be same length as Y.
ERROR: failed processing for /home/tcpan/PhD/path/Data/adios/tcga.titan.p2048.ioall.2/tcga-coloc.p2048.f10240.POSIX.b4.io-1.is-1.data4096.b, reason: X must be same length as Y.
ERROR: failed processing for /home/tcpan/PhD/path/Data/adios/tcga.titan.p2048.ioall.2/tcga-sep.p2048.f10240.MPI_AMR.b4.io1536.is-1.data4096.nb, reason: Undefined function or variable 'fignameprefix'.
ERROR: failed processing for /home/tcpan/PhD/path/Data/adios/tcga.titan.p2048.ioall.2/tcga-sep.p2048.f10240.MPI_AMR.b4.io512.is-1.data4096.nb, reason: Undefined function or variable 'fignameprefix'.
ERROR: failed processing for /home/tcpan/PhD/path/Data/adios/tcga.titan.p2048.ioall.2/tcga-sep.p2048.f10240.MPI_AMR.b4.io60.is-1.data4096.nb, reason: Undefined function or variable 'fignameprefix'.
ERROR: failed processing for /home/tcpan/PhD/path/Data/adios/tcga.titan.p2048.ioall.2/tcga-sep.p2048.f10240.MPI_LUSTRE.b4.io1536.is-1.data4096.nb, reason: Undefined function or variable 'fignameprefix'.
ERROR: failed processing for /home/tcpan/PhD/path/Data/adios/tcga.titan.p2048.ioall.2/tcga-sep.p2048.f10240.MPI_LUSTRE.b4.io512.is-1.data4096.nb, reason: Undefined function or variable 'fignameprefix'.
ERROR: failed processing for /home/tcpan/PhD/path/Data/adios/tcga.titan.p2048.ioall.2/tcga-sep.p2048.f10240.MPI_LUSTRE.b4.io60.is-1.data4096.nb, reason: Undefined function or variable 'fignameprefix'.
ERROR: failed processing for /home/tcpan/PhD/path/Data/adios/tcga.titan.p2048.ioall.2/tcga-sep.p2048.f10240.POSIX.b4.io1536.is-1.data4096.nb, reason: Undefined function or variable 'fignameprefix'.
ERROR: failed processing for /home/tcpan/PhD/path/Data/adios/tcga.titan.p2048.ioall.2/tcga-sep.p2048.f10240.POSIX.b4.io512.is-1.data4096.nb, reason: Undefined function or variable 'fignameprefix'.
ERROR: failed processing for /home/tcpan/PhD/path/Data/adios/tcga.titan.p2048.ioall.2/tcga-sep.p2048.f10240.POSIX.b4.io60.is-1.data4096.nb, reason: Undefined function or variable 'fignameprefix'.
ERROR: failed processing for /home/tcpan/PhD/path/Data/adios/tcga.titan.p2048.ioall.2/tcga-sep.p2048.f10240.na-POSIX.b4.io1536.is-1.data4096.nb, reason: Undefined function or variable 'fignameprefix'.
ERROR: failed processing for /home/tcpan/PhD/path/Data/adios/tcga.titan.p2048.ioall.2/tcga-sep.p2048.f10240.na-POSIX.b4.io512.is-1.data4096.nb, reason: Undefined function or variable 'fignameprefix'.
ERROR: failed processing for /home/tcpan/PhD/path/Data/adios/tcga.titan.p2048.ioall.2/tcga-sep.p2048.f10240.na-POSIX.b4.io60.is-1.data4096.nb, reason: Undefined function or variable 'fignameprefix'.
ERROR: failed processing for /home/tcpan/PhD/path/Data/adios/tcga.titan.p2048.ioall.1/tcga-baseline.p2048.f10240.opencv.b0.io-1.is-1.data4096.b, reason: X must be same length as Y.
ERROR: failed processing for /home/tcpan/PhD/path/Data/adios/tcga.titan.p2048.ioall.1/tcga-coloc.p2048.f10240.MPI_AMR.b4.io-1.is-1.data4096.b, reason: X must be same length as Y.
ERROR: failed processing for /home/tcpan/PhD/path/Data/adios/tcga.titan.p2048.ioall.1/tcga-coloc.p2048.f10240.MPI_LUSTRE.b4.io-1.is-1.data4096.b, reason: X must be same length as Y.
ERROR: failed processing for /home/tcpan/PhD/path/Data/adios/tcga.titan.p2048.ioall.1/tcga-coloc.p2048.f10240.POSIX.b4.io-1.is-1.data4096.b, reason: X must be same length as Y.
ERROR: failed processing for /home/tcpan/PhD/path/Data/adios/tcga.titan.p2048.ioall.1/tcga-sep.p2048.f10240.MPI_AMR.b4.io1536.is-1.data4096.nb, reason: Undefined function or variable 'fignameprefix'.
ERROR: failed processing for /home/tcpan/PhD/path/Data/adios/tcga.titan.p2048.ioall.1/tcga-sep.p2048.f10240.MPI_AMR.b4.io512.is-1.data4096.nb, reason: Undefined function or variable 'fignameprefix'.
ERROR: failed processing for /home/tcpan/PhD/path/Data/adios/tcga.titan.p2048.ioall.1/tcga-sep.p2048.f10240.MPI_AMR.b4.io60.is-1.data4096.nb, reason: Undefined function or variable 'fignameprefix'.
ERROR: failed processing for /home/tcpan/PhD/path/Data/adios/tcga.titan.p2048.ioall.1/tcga-sep.p2048.f10240.MPI_LUSTRE.b4.io1536.is-1.data4096.nb, reason: Undefined function or variable 'fignameprefix'.
ERROR: failed processing for /home/tcpan/PhD/path/Data/adios/tcga.titan.p2048.ioall.1/tcga-sep.p2048.f10240.MPI_LUSTRE.b4.io512.is-1.data4096.nb, reason: Undefined function or variable 'fignameprefix'.
ERROR: failed processing for /home/tcpan/PhD/path/Data/adios/tcga.titan.p2048.ioall.1/tcga-sep.p2048.f10240.MPI_LUSTRE.b4.io60.is-1.data4096.nb, reason: Undefined function or variable 'fignameprefix'.
ERROR: failed processing for /home/tcpan/PhD/path/Data/adios/tcga.titan.p2048.ioall.1/tcga-sep.p2048.f10240.POSIX.b4.io1536.is-1.data4096.nb, reason: Undefined function or variable 'fignameprefix'.
ERROR: failed processing for /home/tcpan/PhD/path/Data/adios/tcga.titan.p2048.ioall.1/tcga-sep.p2048.f10240.POSIX.b4.io512.is-1.data4096.nb, reason: Undefined function or variable 'fignameprefix'.
ERROR: failed processing for /home/tcpan/PhD/path/Data/adios/tcga.titan.p2048.ioall.1/tcga-sep.p2048.f10240.POSIX.b4.io60.is-1.data4096.nb, reason: Undefined function or variable 'fignameprefix'.
ERROR: failed processing for /home/tcpan/PhD/path/Data/adios/tcga.titan.p2048.ioall.1/tcga-sep.p2048.f10240.na-POSIX.b4.io1536.is-1.data4096.nb, reason: Undefined function or variable 'fignameprefix'.
ERROR: failed processing for /home/tcpan/PhD/path/Data/adios/tcga.titan.p2048.ioall.1/tcga-sep.p2048.f10240.na-POSIX.b4.io512.is-1.data4096.nb, reason: Undefined function or variable 'fignameprefix'.
ERROR: failed processing for /home/tcpan/PhD/path/Data/adios/tcga.titan.p2048.ioall.1/tcga-sep.p2048.f10240.na-POSIX.b4.io60.is-1.data4096.nb, reason: Undefined function or variable 'fignameprefix'.
